<?xml version="1.0" encoding="utf-8"?><testsuites><testsuite name="pytest" errors="0" failures="0" skipped="3" tests="19" time="30.411" timestamp="2024-02-01T16:07:32.958008" hostname="Vinis-MacBook-Pro.local"><testcase classname="testcases.automated_cases.compute_suite.test_tejas_compute" name="test_to_verify_clicking_on_compute_screen" time="19.166" /><testcase classname="testcases.automated_cases.compute_suite.test_tejas_compute" name="test_verify_UI_of_compute_home_screen" time="2.167" /><testcase classname="testcases.automated_cases.compute_suite.test_tejas_compute" name="test_to_verify_header_on_compute_home_screen" time="0.003" /><testcase classname="testcases.automated_cases.compute_suite.test_tejas_compute" name="test_to_verify_compute_home_screen_description" time="0.003" /><testcase classname="testcases.automated_cases.compute_suite.test_tejas_compute" name="test_to_verify_clicking_on_tejas_compute" time="1.138" /><testcase classname="testcases.automated_cases.compute_suite.test_tejas_compute" name="test_to_verify_header_on_tejas_compute_screen" time="2.078" /><testcase classname="testcases.automated_cases.compute_suite.test_tejas_compute" name="test_to_verify_tejas_compute_screen_description" time="0.009" /><testcase classname="testcases.automated_cases.compute_suite.test_tejas_compute" name="test_verify_learn_more_section_on_tejas_compute_screen" time="0.000"><skipped type="pytest.skip" message="After clicking on Learn More link it was found that the documentation page is broken!">/Users/vinisharma/Documents/GIT/yntraa_test_automation/testcases/automated_cases/compute_suite/test_tejas_compute.py:84: After clicking on Learn More link it was found that the documentation page is broken!</skipped></testcase><testcase classname="testcases.automated_cases.compute_suite.test_tejas_compute" name="test_to_verify_click_on_create_virtual_machine" time="1.338" /><testcase classname="testcases.automated_cases.compute_suite.test_tejas_compute" name="test_verify_create_virtual_machine_homescreen" time="1.054" /><testcase classname="testcases.automated_cases.compute_suite.test_tejas_compute" name="test_to_verify_create_vm_header" time="0.004" /><testcase classname="testcases.automated_cases.compute_suite.test_tejas_compute" name="test_to_verify_create_vm_description" time="0.003" /><testcase classname="testcases.automated_cases.compute_suite.test_tejas_compute" name="test_to_verify_machine_detail_description" time="0.003" /><testcase classname="testcases.automated_cases.compute_suite.test_tejas_compute" name="test_to_verify_machine_name_input_field" time="2.962" /><testcase classname="testcases.automated_cases.compute_suite.test_tejas_compute" name="test_to_verify_machine_name_field_has_required_label" time="0.001"><skipped type="pytest.skip" message="Need to recheck logic!">/Users/vinisharma/Documents/GIT/yntraa_test_automation/testcases/automated_cases/compute_suite/test_tejas_compute.py:145: Need to recheck logic!</skipped></testcase><testcase classname="testcases.automated_cases.compute_suite.test_tejas_compute" name="test_to_verify_name_field_against_regex" time="0.001"><skipped type="pytest.skip" message="Yet to be implemented">/Users/vinisharma/Documents/GIT/yntraa_test_automation/testcases/automated_cases/compute_suite/test_tejas_compute.py:151: Yet to be implemented</skipped></testcase><testcase classname="testcases.automated_cases.compute_suite.test_tejas_compute" name="test_to_verify_choose_availability_zone_description" time="0.015" /><testcase classname="testcases.automated_cases.compute_suite.test_tejas_compute" name="test_to_verify_availability_zone_dropdown" time="0.012" /><testcase classname="testcases.automated_cases.compute_suite.test_tejas_compute" name="test_to_verify_image_section_is_divided_into_two_sub_sections" time="0.381" /></testsuite></testsuites>